<?xml version="1.0" encoding="UTF-8"?>
<!-- Generated by org.testng.reporters.JUnitXMLReporter -->
<testsuite ignored="0" hostname="INLEN8520068014" failures="1" tests="1" name="Test" time="23.517" errors="0" timestamp="2024-12-16T21:24:58 IST">
  <testcase classname="testCases.Tc_002LoginPage" name="verify_login" time="6.135">
    <failure type="java.lang.AssertionError" message="null">
      <![CDATA[java.lang.AssertionError: null
at testCases.Tc_002LoginPage.verify_login(Tc_002LoginPage.java:33)
at java.base/java.util.ArrayList.forEach(ArrayList.java:1511)
... Removed 33 stack frames]]>
    </failure>
  </testcase> <!-- verify_login -->
</testsuite> <!-- Test -->
