<?xml version="1.0" encoding="UTF-8"?>
<testng-results ignored="0" total="1" passed="1" failed="0" skipped="0">
  <reporter-output>
  </reporter-output>
  <suite started-at="2024-12-16T17:23:01 IST" name="Suite" finished-at="2024-12-16T17:23:36 IST" duration-ms="34453">
    <groups>
      <group name="Master">
        <method signature="Tc_002LoginPage.verify_login()[pri:0, instance:testCases.Tc_002LoginPage@17a1e4ca]" name="verify_login" class="testCases.Tc_002LoginPage"/>
      </group> <!-- Master -->
      <group name="Sanity">
        <method signature="Tc_002LoginPage.verify_login()[pri:0, instance:testCases.Tc_002LoginPage@17a1e4ca]" name="verify_login" class="testCases.Tc_002LoginPage"/>
      </group> <!-- Sanity -->
    </groups>
    <test started-at="2024-12-16T17:23:01 IST" name="Test" finished-at="2024-12-16T17:23:36 IST" duration-ms="34453">
      <class name="testCases.Tc_002LoginPage">
        <test-method is-config="true" signature="setup()[pri:0, instance:testCases.Tc_002LoginPage@17a1e4ca]" started-at="2024-12-16T17:23:01 IST" name="setup" finished-at="2024-12-16T17:23:20 IST" duration-ms="18533" status="PASS">
          <reporter-output>
          </reporter-output>
        </test-method> <!-- setup -->
        <test-method signature="verify_login()[pri:0, instance:testCases.Tc_002LoginPage@17a1e4ca]" started-at="2024-12-16T17:23:20 IST" name="verify_login" finished-at="2024-12-16T17:23:27 IST" duration-ms="7108" status="PASS">
          <reporter-output>
          </reporter-output>
        </test-method> <!-- verify_login -->
        <test-method is-config="true" signature="tearDown()[pri:0, instance:testCases.Tc_002LoginPage@17a1e4ca]" started-at="2024-12-16T17:23:27 IST" name="tearDown" finished-at="2024-12-16T17:23:36 IST" duration-ms="8607" status="PASS">
          <reporter-output>
          </reporter-output>
        </test-method> <!-- tearDown -->
      </class> <!-- testCases.Tc_002LoginPage -->
    </test> <!-- Test -->
  </suite> <!-- Suite -->
</testng-results>
